#
# There is insufficient memory for the Java Runtime Environment to continue.
# Native memory allocation (mmap) failed to map 67108864 bytes. Error detail: G1 virtual space
# Possible reasons:
#   The system is out of physical RAM or swap space
#   This process is running with CompressedOops enabled, and the Java Heap may be blocking the growth of the native heap
# Possible solutions:
#   Reduce memory load on the system
#   Increase physical memory or swap space
#   Check if swap backing store is full
#   Decrease Java heap size (-Xmx/-Xms)
#   Decrease number of Java threads
#   Decrease Java thread stack sizes (-Xss)
#   Set larger code cache with -XX:ReservedCodeCacheSize=
#   JVM is running with Unscaled Compressed Oops mode in which the Java heap is
#     placed in the first 4GB address space. The Java Heap base address is the
#     maximum limit for the native heap growth. Please use -XX:HeapBaseMinAddress
#     to set the Java Heap base and to place the Java Heap above 4GB virtual address.
# This output file may be truncated or incomplete.
#
#  Out of Memory Error (os_windows.cpp:3613), pid=13800, tid=14364
#
# JRE version:  (17.0.11+9) (build )
# Java VM: OpenJDK 64-Bit Server VM (17.0.11+9-LTS, mixed mode, sharing, tiered, compressed oops, compressed class ptrs, g1 gc, windows-amd64)
# No core dump will be written. Minidumps are not enabled by default on client versions of Windows
#

---------------  S U M M A R Y ------------

Command Line: -Xmx64m -Xms64m -Dorg.gradle.appname=gradlew org.gradle.wrapper.GradleWrapperMain app:installDebug -PreactNativeDevServerPort=8081

Host: Intel(R) Pentium(R) CPU 6405U @ 2.40GHz, 4 cores, 7G,  Windows 10 , 64 bit Build 19041 (10.0.19041.4597)
Time: Thu Aug  8 17:06:39 2024 FLE Daylight Time elapsed time: 0.070262 seconds (0d 0h 0m 0s)

---------------  T H R E A D  ---------------

Current thread (0x0000018cff5ce6f0):  JavaThread "Unknown thread" [_thread_in_vm, id=14364, stack(0x000000783ad00000,0x000000783ae00000)]

Stack: [0x000000783ad00000,0x000000783ae00000]
Native frames: (J=compiled Java code, j=interpreted, Vv=VM code, C=native code)
V  [jvm.dll+0x67f6d9]
V  [jvm.dll+0x83773a]
V  [jvm.dll+0x8391fe]
V  [jvm.dll+0x839863]
V  [jvm.dll+0x247fbf]
V  [jvm.dll+0x67c519]
V  [jvm.dll+0x670f8a]
V  [jvm.dll+0x309bdb]
V  [jvm.dll+0x311086]
V  [jvm.dll+0x360a6e]
V  [jvm.dll+0x360c9f]
V  [jvm.dll+0x2e0928]
V  [jvm.dll+0x2e1894]
V  [jvm.dll+0x8090e1]
V  [jvm.dll+0x36e7c1]
V  [jvm.dll+0x7e7b06]
V  [jvm.dll+0x3f202f]
V  [jvm.dll+0x3f3b81]
C  [jli.dll+0x528f]
C  [ucrtbase.dll+0x21bb2]
C  [KERNEL32.DLL+0x17374]
C  [ntdll.dll+0x4cc91]


---------------  P R O C E S S  ---------------

Threads class SMR info:
_java_thread_list=0x00007ffd58202f18, length=0, elements={
}

Java Threads: ( => current thread )

Other Threads:
  0x0000018cff671780 GCTaskThread "GC Thread#0" [stack: 0x000000783ae00000,0x000000783af00000] [id=3576]
  0x0000018cff672ed0 ConcurrentGCThread "G1 Main Marker" [stack: 0x000000783af00000,0x000000783b000000] [id=7440]
  0x0000018cff6738f0 ConcurrentGCThread "G1 Conc#0" [stack: 0x000000783b000000,0x000000783b100000] [id=4356]

[error occurred during error reporting (printing all threads), id 0xc0000005, EXCEPTION_ACCESS_VIOLATION (0xc0000005) at pc=0x00007ffd579c1367]

VM state: not at safepoint (not fully initialized)

VM Mutex/Monitor currently owned by a thread:  ([mutex/lock_event])
[0x0000018cff5cb1a0] Heap_lock - owner thread: 0x0000018cff5ce6f0

Heap address: 0x00000000fc000000, size: 64 MB, Compressed Oops mode: 32-bit

CDS archive(s) mapped at: [0x0000000000000000-0x0000000000000000-0x0000000000000000), size 0, SharedBaseAddress: 0x0000000800000000, ArchiveRelocationMode: 1.
Narrow klass base: 0x0000000000000000, Narrow klass shift: 0, Narrow klass range: 0x0

GC Precious Log:
<Empty>

Heap:
 garbage-first heap   total 0K, used 0K [0x00000000fc000000, 0x0000000100000000)
  region size 1024K, 0 young (0K), 0 survivors (0K)

[error occurred during error reporting (printing heap information), id 0xc0000005, EXCEPTION_ACCESS_VIOLATION (0xc0000005) at pc=0x00007ffd57da9a59]

GC Heap History (0 events):
No events

Dll operation events (1 events):
Event: 0.016 Loaded shared library C:\Program Files\Microsoft\jdk-17.0.11.9-hotspot\bin\java.dll

Deoptimization events (0 events):
No events

Classes unloaded (0 events):
No events

Classes redefined (0 events):
No events

Internal exceptions (0 events):
No events

VM Operations (0 events):
No events

Events (0 events):
No events


Dynamic libraries:
0x00007ff670b70000 - 0x00007ff670b7e000 	C:\Program Files\Microsoft\jdk-17.0.11.9-hotspot\bin\java.exe
0x00007ffdbf9b0000 - 0x00007ffdbfba8000 	C:\Windows\SYSTEM32\ntdll.dll
0x00007ffdbede0000 - 0x00007ffdbeea1000 	C:\Windows\System32\KERNEL32.DLL
0x00007ffdbd060000 - 0x00007ffdbd356000 	C:\Windows\System32\KERNELBASE.dll
0x00007ffdbd850000 - 0x00007ffdbd950000 	C:\Windows\System32\ucrtbase.dll
0x00007ffda9c30000 - 0x00007ffda9c4b000 	C:\Program Files\Microsoft\jdk-17.0.11.9-hotspot\bin\VCRUNTIME140.dll
0x00007ffda9c10000 - 0x00007ffda9c27000 	C:\Program Files\Microsoft\jdk-17.0.11.9-hotspot\bin\jli.dll
0x00007ffdbe1c0000 - 0x00007ffdbe35f000 	C:\Windows\System32\USER32.dll
0x00007ffdbd480000 - 0x00007ffdbd4a2000 	C:\Windows\System32\win32u.dll
0x00007ffdbf1a0000 - 0x00007ffdbf1cb000 	C:\Windows\System32\GDI32.dll
0x00007ffdbd4b0000 - 0x00007ffdbd5c7000 	C:\Windows\System32\gdi32full.dll
0x00007ffdbd730000 - 0x00007ffdbd7cd000 	C:\Windows\System32\msvcp_win.dll
0x00007ffda8840000 - 0x00007ffda8ada000 	C:\Windows\WinSxS\amd64_microsoft.windows.common-controls_6595b64144ccf1df_6.0.19041.4355_none_60b8b9eb71f62e16\COMCTL32.dll
0x00007ffdbf1d0000 - 0x00007ffdbf26e000 	C:\Windows\System32\msvcrt.dll
0x00007ffdbe480000 - 0x00007ffdbe4af000 	C:\Windows\System32\IMM32.DLL
0x00007ffdb6880000 - 0x00007ffdb688c000 	C:\Program Files\Microsoft\jdk-17.0.11.9-hotspot\bin\vcruntime140_1.dll
0x00007ffd81740000 - 0x00007ffd817cd000 	C:\Program Files\Microsoft\jdk-17.0.11.9-hotspot\bin\msvcp140.dll
0x00007ffd576d0000 - 0x00007ffd58336000 	C:\Program Files\Microsoft\jdk-17.0.11.9-hotspot\bin\server\jvm.dll
0x00007ffdbe960000 - 0x00007ffdbea10000 	C:\Windows\System32\ADVAPI32.dll
0x00007ffdbe5c0000 - 0x00007ffdbe660000 	C:\Windows\System32\sechost.dll
0x00007ffdbe830000 - 0x00007ffdbe953000 	C:\Windows\System32\RPCRT4.dll
0x00007ffdbd820000 - 0x00007ffdbd847000 	C:\Windows\System32\bcrypt.dll
0x00007ffdbc590000 - 0x00007ffdbc5db000 	C:\Windows\SYSTEM32\POWRPROF.dll
0x00007ffdba350000 - 0x00007ffdba359000 	C:\Windows\SYSTEM32\WSOCK32.dll
0x00007ffdbed70000 - 0x00007ffdbeddb000 	C:\Windows\System32\WS2_32.dll
0x00007ffda4ed0000 - 0x00007ffda4ef7000 	C:\Windows\SYSTEM32\WINMM.dll
0x00007ffdb5b20000 - 0x00007ffdb5b2a000 	C:\Windows\SYSTEM32\VERSION.dll
0x00007ffdbc450000 - 0x00007ffdbc462000 	C:\Windows\SYSTEM32\UMPDC.dll
0x00007ffdbaee0000 - 0x00007ffdbaef2000 	C:\Windows\SYSTEM32\kernel.appcore.dll
0x00007ffdb66d0000 - 0x00007ffdb66da000 	C:\Program Files\Microsoft\jdk-17.0.11.9-hotspot\bin\jimage.dll
0x00007ffdba430000 - 0x00007ffdba614000 	C:\Windows\SYSTEM32\DBGHELP.DLL
0x00007ffd96cb0000 - 0x00007ffd96ce4000 	C:\Windows\SYSTEM32\dbgcore.DLL
0x00007ffdbd950000 - 0x00007ffdbd9d2000 	C:\Windows\System32\bcryptPrimitives.dll
0x00007ffd9b9a0000 - 0x00007ffd9b9c5000 	C:\Program Files\Microsoft\jdk-17.0.11.9-hotspot\bin\java.dll

dbghelp: loaded successfully - version: 4.0.5 - missing functions: none
symbol engine: initialized successfully - sym options: 0x614 - pdb path: .;C:\Program Files\Microsoft\jdk-17.0.11.9-hotspot\bin;C:\Windows\SYSTEM32;C:\Windows\WinSxS\amd64_microsoft.windows.common-controls_6595b64144ccf1df_6.0.19041.4355_none_60b8b9eb71f62e16;C:\Program Files\Microsoft\jdk-17.0.11.9-hotspot\bin\server

VM Arguments:
jvm_args: -Xmx64m -Xms64m -Dorg.gradle.appname=gradlew 
java_command: org.gradle.wrapper.GradleWrapperMain app:installDebug -PreactNativeDevServerPort=8081
java_class_path (initial): D:\rn\app_2\android\\gradle\wrapper\gradle-wrapper.jar
Launcher Type: SUN_STANDARD

[Global flags]
     intx CICompilerCount                          = 3                                         {product} {ergonomic}
     uint ConcGCThreads                            = 1                                         {product} {ergonomic}
     uint G1ConcRefinementThreads                  = 4                                         {product} {ergonomic}
   size_t G1HeapRegionSize                         = 1048576                                   {product} {ergonomic}
    uintx GCDrainStackTargetSize                   = 64                                        {product} {ergonomic}
   size_t InitialHeapSize                          = 67108864                                  {product} {command line}
   size_t MarkStackSize                            = 4194304                                   {product} {ergonomic}
   size_t MaxHeapSize                              = 67108864                                  {product} {command line}
   size_t MinHeapDeltaBytes                        = 1048576                                   {product} {ergonomic}
   size_t MinHeapSize                              = 67108864                                  {product} {command line}
    uintx NonNMethodCodeHeapSize                   = 5832780                                {pd product} {ergonomic}
    uintx NonProfiledCodeHeapSize                  = 122912730                              {pd product} {ergonomic}
    uintx ProfiledCodeHeapSize                     = 122912730                              {pd product} {ergonomic}
    uintx ReservedCodeCacheSize                    = 251658240                              {pd product} {ergonomic}
     bool SegmentedCodeCache                       = true                                      {product} {ergonomic}
   size_t SoftMaxHeapSize                          = 67108864                               {manageable} {ergonomic}
     bool UseCompressedClassPointers               = true                           {product lp64_product} {ergonomic}
     bool UseCompressedOops                        = true                           {product lp64_product} {ergonomic}
     bool UseG1GC                                  = true                                      {product} {ergonomic}
     bool UseLargePagesIndividualAllocation        = false                                  {pd product} {ergonomic}

Logging:
Log output configuration:
 #0: stdout all=warning uptime,level,tags
 #1: stderr all=off uptime,level,tags

Environment Variables:
JAVA_HOME=C:\Program Files\Microsoft\jdk-17.0.11.9-hotspot\
CLASSPATH=D:\rn\app_2\android\\gradle\wrapper\gradle-wrapper.jar
PATH=D:\rn\app_2\node_modules\.bin;D:\rn\node_modules\.bin;D:\node_modules\.bin;C:\Users\rusla\AppData\Roaming\npm\node_modules\npm\node_modules\@npmcli\run-script\lib\node-gyp-bin;C:\Program Files\PowerShell\7;C:\Program Files\Microsoft\jdk-17.0.11.9-hotspot\bin;C:\Windows\system32;C:\Windows;C:\Windows\System32\Wbem;C:\Windows\System32\WindowsPowerShell\v1.0\;C:\Windows\System32\OpenSSH\;C:\Program Files\Git\cmd;C:\Program Files\NVIDIA Corporation\NVIDIA NvDLISR;C:\Program Files\Microsoft SQL Server\150\Tools\Binn\;C:\Program Files\dotnet\;C:\Program Files\PowerShell\7\;C:\ProgramData\chocolatey\bin;C:\Program Files\nodejs\;C:\Users\rusla\AppData\Local\Programs\Python\Launcher\;C:\Users\rusla\AppData\Local\Microsoft\WindowsApps;C:\Users\rusla\AppData\Local\Programs\Microsoft VS Code\bin;C:\php;C:\Users\rusla\.dotnet\tools;C:\Users\rusla\.bun\bin;C:\Users\rusla\AppData\Roaming\npm
USERNAME=rusla
LANG=en_US.UTF-8
OS=Windows_NT
PROCESSOR_IDENTIFIER=Intel64 Family 6 Model 142 Stepping 12, GenuineIntel
TMP=C:\Users\rusla\AppData\Local\Temp
TEMP=C:\Users\rusla\AppData\Local\Temp



Periodic native trim disabled


---------------  S Y S T E M  ---------------

OS:
 Windows 10 , 64 bit Build 19041 (10.0.19041.4597)
OS uptime: 6 days 4:56 hours

CPU: total 4 (initial active 4) (2 cores per cpu, 2 threads per core) family 6 model 142 stepping 12 microcode 0xf4, cx8, cmov, fxsr, ht, mmx, 3dnowpref, sse, sse2, sse3, ssse3, sse4.1, sse4.2, popcnt, lzcnt, tsc, tscinvbit, aes, erms, clmul, clflush, clflushopt
Processor Information for all 4 processors :
  Max Mhz: 2400, Current Mhz: 2400, Mhz Limit: 2400

Memory: 4k page, system-wide physical 8026M (409M free)
TotalPageFile size 20447M (AvailPageFile size 32M)
current process WorkingSet (physical memory assigned to process): 10M, peak: 10M
current process commit charge ("private bytes"): 51M, peak: 115M

vm_info: OpenJDK 64-Bit Server VM (17.0.11+9-LTS) for windows-amd64 JRE (17.0.11+9-LTS), built on Apr  9 2024 22:05:54 by "MicrosoftCorporation" with MS VC++ 16.10 / 16.11 (VS2019)

END.
